Build started 6/3/2020 10:05:34 PM.
     1>Project "C:\Users\Lam\Desktop\GameSDLCpp\SDLGameDemo\SDLGameDemo\SDLGameDemo.vcxproj" on node 2 (Build target(s)).
     1>ClCompile:
         E:\MS Visual Studio\VC\bin\CL.exe /c /ZI /nologo /W3 /WX- /Od /Oy- /D WIN32 /D _DEBUG /D _CONSOLE /D _UNICODE /D UNICODE /Gm /EHsc /RTC1 /MDd /GS /fp:precise /Zc:wchar_t /Zc:forScope /Fo"Debug\\" /Fd"Debug\vc110.pdb" /Gd /TP /analyze- /errorReport:prompt BaseObjects.cpp CommonFuncs.cpp MainObject.cpp PlayerLives.cpp TextObject.cpp Threats.cpp bulletObjects.cpp main.cpp
         main.cpp
     1>c:\users\lam\desktop\gamesdlcpp\sdlgamedemo\sdlgamedemo\commonfuncs.h(39): error C2061: syntax error : identifier 'TTF_Font'
     1>c:\users\lam\desktop\gamesdlcpp\sdlgamedemo\sdlgamedemo\main.cpp(137): warning C4244: '=' : conversion from 'double' to 'int', possible loss of data
     1>c:\users\lam\desktop\gamesdlcpp\sdlgamedemo\sdlgamedemo\main.cpp(155): warning C4244: '=' : conversion from 'double' to 'int', possible loss of data
     1>c:\users\lam\desktop\gamesdlcpp\sdlgamedemo\sdlgamedemo\main.cpp(166): error C2660: 'SDLCommonFuncs::ShowMenu' : function does not take 2 arguments
     1>c:\users\lam\desktop\gamesdlcpp\sdlgamedemo\sdlgamedemo\main.cpp(252): warning C4018: '<' : signed/unsigned mismatch
     1>c:\users\lam\desktop\gamesdlcpp\sdlgamedemo\sdlgamedemo\main.cpp(275): warning C4018: '<' : signed/unsigned mismatch
         bulletObjects.cpp
     1>c:\users\lam\desktop\gamesdlcpp\sdlgamedemo\sdlgamedemo\commonfuncs.h(39): error C2061: syntax error : identifier 'TTF_Font'
         Threats.cpp
     1>c:\users\lam\desktop\gamesdlcpp\sdlgamedemo\sdlgamedemo\commonfuncs.h(39): error C2061: syntax error : identifier 'TTF_Font'
     1>c:\users\lam\desktop\gamesdlcpp\sdlgamedemo\sdlgamedemo\threats.cpp(6): warning C4244: '=' : conversion from 'double' to 'Sint16', possible loss of data
     1>c:\users\lam\desktop\gamesdlcpp\sdlgamedemo\sdlgamedemo\threats.cpp(16): warning C4018: '<' : signed/unsigned mismatch
     1>c:\users\lam\desktop\gamesdlcpp\sdlgamedemo\sdlgamedemo\threats.cpp(34): warning C4244: 'argument' : conversion from 'double' to 'const int', possible loss of data
     1>c:\users\lam\desktop\gamesdlcpp\sdlgamedemo\sdlgamedemo\threats.cpp(42): warning C4018: '<' : signed/unsigned mismatch
     1>c:\users\lam\desktop\gamesdlcpp\sdlgamedemo\sdlgamedemo\threats.cpp(51): warning C4244: 'argument' : conversion from 'double' to 'const int', possible loss of data
     1>c:\users\lam\desktop\gamesdlcpp\sdlgamedemo\sdlgamedemo\threats.cpp(64): warning C4244: '=' : conversion from 'double' to 'int', possible loss of data
     1>c:\users\lam\desktop\gamesdlcpp\sdlgamedemo\sdlgamedemo\threats.cpp(78): warning C4244: '=' : conversion from 'double' to 'int', possible loss of data
     1>c:\users\lam\desktop\gamesdlcpp\sdlgamedemo\sdlgamedemo\threats.cpp(81): warning C4018: '<' : signed/unsigned mismatch
     1>c:\users\lam\desktop\gamesdlcpp\sdlgamedemo\sdlgamedemo\threats.cpp(90): warning C4244: 'argument' : conversion from 'double' to 'const int', possible loss of data
         TextObject.cpp
     1>c:\users\lam\desktop\gamesdlcpp\sdlgamedemo\sdlgamedemo\commonfuncs.h(39): error C2061: syntax error : identifier 'TTF_Font'
         PlayerLives.cpp
     1>c:\users\lam\desktop\gamesdlcpp\sdlgamedemo\sdlgamedemo\commonfuncs.h(39): error C2061: syntax error : identifier 'TTF_Font'
     1>c:\users\lam\desktop\gamesdlcpp\sdlgamedemo\sdlgamedemo\playerlives.cpp(20): warning C4018: '<' : signed/unsigned mismatch
         MainObject.cpp
     1>c:\users\lam\desktop\gamesdlcpp\sdlgamedemo\sdlgamedemo\commonfuncs.h(39): error C2061: syntax error : identifier 'TTF_Font'
     1>c:\users\lam\desktop\gamesdlcpp\sdlgamedemo\sdlgamedemo\mainobject.cpp(73): warning C4244: 'argument' : conversion from 'double' to 'const int', possible loss of data
     1>c:\users\lam\desktop\gamesdlcpp\sdlgamedemo\sdlgamedemo\mainobject.cpp(88): warning C4018: '<' : signed/unsigned mismatch
     1>c:\users\lam\desktop\gamesdlcpp\sdlgamedemo\sdlgamedemo\mainobject.cpp(122): warning C4018: '<' : signed/unsigned mismatch
     1>c:\users\lam\desktop\gamesdlcpp\sdlgamedemo\sdlgamedemo\mainobject.cpp(123): warning C4018: '<' : signed/unsigned mismatch
         CommonFuncs.cpp
     1>c:\users\lam\desktop\gamesdlcpp\sdlgamedemo\sdlgamedemo\commonfuncs.h(39): error C2061: syntax error : identifier 'TTF_Font'
     1>c:\users\lam\desktop\gamesdlcpp\sdlgamedemo\sdlgamedemo\commonfuncs.cpp(14): error C2244: 'ShowMenu' : unable to match function definition to an existing declaration
                 c:\users\lam\desktop\gamesdlcpp\sdlgamedemo\sdlgamedemo\commonfuncs.cpp(14) : see declaration of 'ShowMenu'
     1>c:\users\lam\desktop\gamesdlcpp\sdlgamedemo\sdlgamedemo\commonfuncs.cpp(14): fatal error C1903: unable to recover from previous error(s); stopping compilation
         BaseObjects.cpp
     1>c:\users\lam\desktop\gamesdlcpp\sdlgamedemo\sdlgamedemo\commonfuncs.h(39): error C2061: syntax error : identifier 'TTF_Font'
         Generating Code...
     1>Done Building Project "C:\Users\Lam\Desktop\GameSDLCpp\SDLGameDemo\SDLGameDemo\SDLGameDemo.vcxproj" (Build target(s)) -- FAILED.

Build FAILED.

Time Elapsed 00:00:16.45
